2026-06-03T12:39:44 done latest=2026-05-20 top10=33 16 10 29 12 14 05 19 08 21
2026-06-03T12:45:34+08:00 done latest=2026-06-02 top10=02 33 09 19 12 14 06 16 30 11
2026-06-03T12:46:42+08:00 done latest=2026-06-02 top10=02 33 09 19 12 14 06 16 30 11
2026-06-03T12:48:04+08:00 done latest=2026-06-02 top10=02 33 09 19 12 14 06 16 30 11
2026-06-03T16:00:57+08:00 done latest=2026-06-02 top10=02 33 09 19 12 14 06 16 30 11
2026-06-03T16:41:43+08:00 done latest=2026-06-02 top10=02 33 09 19 12 14 06 16 30 11
2026-06-03T16:48:59+08:00 done latest=2026-06-02 top10=02 09 33 10 12 30 19 06 14 15
2026-06-03T17:06:52+08:00 done latest=2026-06-02 top10=02 09 33 10 12 30 19 06 14 15
2026-06-03T17:11:41+08:00 done latest=2026-06-02 top10=02 09 33 10 12 30 19 06 14 15
2026-06-05T10:09:47+08:00 done latest=2026-06-02 top10=02 09 33 10 12 30 19 06 14 15
2026-06-05T14:02:48+08:00 done latest=2026-06-04 top10=06 09 33 19 14 11 02 05 15 23
2026-06-05T15:34:52+08:00 done latest=2026-06-04 top10=06 09 33 19 14 11 02 05 15 23
2026-06-05T15:35:39+08:00 done latest=2026-06-04 top10=06 09 33 19 14 11 02 05 15 23
2026-06-06T14:00:38+08:00 done latest=2026-06-05 top10=06 02 12 23 33 14 05 09 11 28
2026-06-06T14:02:19+08:00 done latest=2026-06-05 top10=06 02 12 23 33 14 05 09 11 28
2026-06-06T14:03:21+08:00 done latest=2026-06-05 top10=06 02 12 23 33 14 05 09 11 28
2026-06-11T10:32:08+08:00 done latest=2026-06-10 top10=14 33 02 11 23 19 16 09 10 04
2026-06-11T10:34:08+08:00 done latest=2026-06-10 top10=14 33 02 11 23 19 16 09 10 04
2026-06-11T10:36:39+08:00 done latest=2026-06-10 top10=14 33 02 11 23 19 16 09 10 04
2026-06-11T10:44:39+08:00 done latest=2026-06-10 top10=14 33 02 11 23 19 16 09 10 04
2026-06-11T10:53:54+08:00 done latest=2026-06-10 top10=14 33 02 11 23 19 16 09 10 04
2026-06-11T10:54:17+08:00 done latest=2026-06-10 top10=14 33 02 11 23 19 16 09 10 04
2026-06-11T10:58:27+08:00 done latest=2026-06-10 top10=14 33 02 11 23 19 16 09 10 04
2026-06-11T11:00:51+08:00 done latest=2026-06-10 top10=14 33 02 11 23 19 16 09 10 04
2026-06-11T11:05:54+08:00 done latest=2026-06-10 top10=14 33 02 11 23 19 16 09 10 04
2026-06-11T11:09:58+08:00 done latest=2026-06-10 top10=14 33 02 11 23 19 16 09 10 04
2026-06-11T11:15:18+08:00 done latest=2026-06-10 top10=14 33 02 11 23 19 16 09 10 04
2026-06-11T16:08:23+08:00 done latest=2026-06-10 top10=14 33 02 11 23 19 16 09 10 04
2026-06-12T09:18:05+08:00 done latest=2026-06-10 top10=14 33 02 11 23 19 16 09 10 04
2026-06-12T09:21:50+08:00 done latest=2026-06-10 top10=14 33 02 11 23 19 16 09 10 04
2026-06-15T09:09:02+08:00 done latest=2026-06-13 top10=23 14 33 05 28 11 19 20 09 10
2026-06-15T09:13:04+08:00 done latest=2026-06-13 top10=23 14 33 05 28 11 19 20 09 10
2026-06-15T09:36:21+08:00 done latest=2026-06-13 top10=23 14 33 05 28 11 19 20 09 10
2026-06-15T12:48:55+08:00 done latest=2026-06-13 top10=23 14 33 05 28 11 19 20 09 10
2026-06-16T07:38:51+08:00 done latest=2026-06-14 top10=02 11 23 06 28 33 09 19 10 05
2026-06-16T08:05:40+08:00 done latest=2026-06-14 top10=02 11 23 06 28 33 09 19 10 05
2026-06-16T08:13:19+08:00 done latest=2026-06-14 top10=02 11 23 06 28 33 09 19 10 05
2026-06-16T12:19:05+08:00 done latest=2026-06-14 top10=02 11 23 06 28 33 09 19 10 05
2026-06-16T12:22:48+08:00 done latest=2026-06-14 top10=02 11 23 06 28 33 09 19 10 05
2026-06-16T12:30:35+08:00 done latest=2026-06-16 top10=14 23 33 11 02 16 28 10 04 31
2026-06-16T12:37:03+08:00 done latest=2026-06-16 top10=14 23 33 11 02 16 28 10 04 31
2026-06-16T12:42:18+08:00 done latest=2026-06-15 top10=23 14 02 06 11 31 10 04 16 28
2026-06-16T12:48:42+08:00 done latest=2026-06-15 top10=23 14 02 06 11 31 10 04 16 28
